0 info it worked if it ends with ok
1 verbose cli [ '/usr/local/bin/node',
1 verbose cli   '/usr/local/bin/npm',
1 verbose cli   'install',
1 verbose cli   'polymerelements/iron-elements' ]
2 info using npm@3.9.5
3 info using node@v6.2.1
4 silly loadCurrentTree Starting
5 silly install loadCurrentTree
6 silly install readLocalPackageData
7 silly fetchPackageMetaData polymerelements/iron-elements
8 silly fetchOtherPackageData polymerelements/iron-elements
9 silly cache add args [ 'polymerelements/iron-elements', null ]
10 verbose cache add spec polymerelements/iron-elements
11 silly cache add parsed spec Result {
11 silly cache add   raw: 'polymerelements/iron-elements',
11 silly cache add   scope: null,
11 silly cache add   name: null,
11 silly cache add   rawSpec: 'polymerelements/iron-elements',
11 silly cache add   spec: 'github:polymerelements/iron-elements',
11 silly cache add   type: 'hosted',
11 silly cache add   hosted:
11 silly cache add    { type: 'github',
11 silly cache add      ssh: 'git@github.com:polymerelements/iron-elements.git',
11 silly cache add      sshUrl: 'git+ssh://git@github.com/polymerelements/iron-elements.git',
11 silly cache add      httpsUrl: 'git+https://github.com/polymerelements/iron-elements.git',
11 silly cache add      gitUrl: 'git://github.com/polymerelements/iron-elements.git',
11 silly cache add      shortcut: 'github:polymerelements/iron-elements',
11 silly cache add      directUrl: 'https://raw.githubusercontent.com/polymerelements/iron-elements/master/package.json' } }
12 verbose addRemoteGit caching polymerelements/iron-elements
13 verbose addRemoteGit polymerelements/iron-elements is a repository hosted by github
14 silly tryGitProto attempting to clone git://github.com/polymerelements/iron-elements.git
15 silly tryClone cloning polymerelements/iron-elements via git://github.com/polymerelements/iron-elements.git
16 verbose tryClone git-github-com-polymerelements-iron-elements-git-8a192f72 not in flight; caching
17 verbose correctMkdir /Users/temoto/.npm/_git-remotes correctMkdir not in flight; initializing
18 info git [ 'clone',
18 info git   '--template=/Users/temoto/.npm/_git-remotes/_templates',
18 info git   '--mirror',
18 info git   'git://github.com/polymerelements/iron-elements.git',
18 info git   '/Users/temoto/.npm/_git-remotes/git-github-com-polymerelements-iron-elements-git-8a192f72' ]
19 verbose mirrorRemote polymerelements/iron-elements git clone git://github.com/polymerelements/iron-elements.git
20 verbose correctMkdir /Users/temoto/.npm/_git-remotes correctMkdir not in flight; initializing
21 verbose setPermissions polymerelements/iron-elements set permissions on /Users/temoto/.npm/_git-remotes/git-github-com-polymerelements-iron-elements-git-8a192f72
22 verbose resolveHead polymerelements/iron-elements original treeish: master
23 info git [ 'rev-list', '-n1', 'master' ]
24 silly resolveHead polymerelements/iron-elements resolved treeish: f16a6e3d4407972b31a11e5552ec0e423dd8714e
25 verbose resolveHead polymerelements/iron-elements resolved Git URL: git://github.com/polymerelements/iron-elements.git#f16a6e3d4407972b31a11e5552ec0e423dd8714e
26 silly resolveHead Git working directory: /var/folders/j3/v5_lp2mj72q1qkzqws5wpmvm0000gn/T/npm-985-d094de09/git-cache-343a4bb3/f16a6e3d4407972b31a11e5552ec0e423dd8714e
27 info git [ 'clone',
27 info git   '/Users/temoto/.npm/_git-remotes/git-github-com-polymerelements-iron-elements-git-8a192f72',
27 info git   '/var/folders/j3/v5_lp2mj72q1qkzqws5wpmvm0000gn/T/npm-985-d094de09/git-cache-343a4bb3/f16a6e3d4407972b31a11e5552ec0e423dd8714e' ]
28 verbose cloneResolved polymerelements/iron-elements clone Cloning into '/var/folders/j3/v5_lp2mj72q1qkzqws5wpmvm0000gn/T/npm-985-d094de09/git-cache-343a4bb3/f16a6e3d4407972b31a11e5552ec0e423dd8714e'...
28 verbose cloneResolved done.
29 info git [ 'checkout', 'f16a6e3d4407972b31a11e5552ec0e423dd8714e' ]
30 verbose checkoutTreeish polymerelements/iron-elements checkout Note: checking out 'f16a6e3d4407972b31a11e5552ec0e423dd8714e'.
30 verbose checkoutTreeish
30 verbose checkoutTreeish You are in 'detached HEAD' state. You can look around, make experimental
30 verbose checkoutTreeish changes and commit them, and you can discard any commits you make in this
30 verbose checkoutTreeish state without impacting any branches by performing another checkout.
30 verbose checkoutTreeish
30 verbose checkoutTreeish If you want to create a new branch to retain commits you create, you may
30 verbose checkoutTreeish do so (now or later) by using -b with the checkout command again. Example:
30 verbose checkoutTreeish
30 verbose checkoutTreeish   git checkout -b <new-branch-name>
30 verbose checkoutTreeish
30 verbose checkoutTreeish HEAD is now at f16a6e3... [skip ci] Update contribution guide
31 info git [ 'submodule', '-q', 'update', '--init', '--recursive' ]
32 verbose updateSubmodules polymerelements/iron-elements submodule update
33 error addLocal Could not install /var/folders/j3/v5_lp2mj72q1qkzqws5wpmvm0000gn/T/npm-985-d094de09/git-cache-343a4bb3/f16a6e3d4407972b31a11e5552ec0e423dd8714e
34 silly tryHTTPS attempting to clone git+https://github.com/polymerelements/iron-elements.git
35 silly tryClone cloning polymerelements/iron-elements via git+https://github.com/polymerelements/iron-elements.git
36 verbose tryClone git-https-github-com-polymerelements-iron-elements-git-0bc7770f not in flight; caching
37 verbose correctMkdir /Users/temoto/.npm/_git-remotes correctMkdir not in flight; initializing
38 info git [ 'clone',
38 info git   '--template=/Users/temoto/.npm/_git-remotes/_templates',
38 info git   '--mirror',
38 info git   'https://github.com/polymerelements/iron-elements.git',
38 info git   '/Users/temoto/.npm/_git-remotes/git-https-github-com-polymerelements-iron-elements-git-0bc7770f' ]
39 verbose mirrorRemote polymerelements/iron-elements git clone https://github.com/polymerelements/iron-elements.git
40 verbose correctMkdir /Users/temoto/.npm/_git-remotes correctMkdir not in flight; initializing
41 verbose setPermissions polymerelements/iron-elements set permissions on /Users/temoto/.npm/_git-remotes/git-https-github-com-polymerelements-iron-elements-git-0bc7770f
42 verbose resolveHead polymerelements/iron-elements original treeish: master
43 info git [ 'rev-list', '-n1', 'master' ]
44 silly resolveHead polymerelements/iron-elements resolved treeish: f16a6e3d4407972b31a11e5552ec0e423dd8714e
45 verbose resolveHead polymerelements/iron-elements resolved Git URL: git+https://github.com/polymerelements/iron-elements.git#f16a6e3d4407972b31a11e5552ec0e423dd8714e
46 silly resolveHead Git working directory: /var/folders/j3/v5_lp2mj72q1qkzqws5wpmvm0000gn/T/npm-985-d094de09/git-cache-68b84ab9/f16a6e3d4407972b31a11e5552ec0e423dd8714e
47 info git [ 'clone',
47 info git   '/Users/temoto/.npm/_git-remotes/git-https-github-com-polymerelements-iron-elements-git-0bc7770f',
47 info git   '/var/folders/j3/v5_lp2mj72q1qkzqws5wpmvm0000gn/T/npm-985-d094de09/git-cache-68b84ab9/f16a6e3d4407972b31a11e5552ec0e423dd8714e' ]
48 verbose cloneResolved polymerelements/iron-elements clone Cloning into '/var/folders/j3/v5_lp2mj72q1qkzqws5wpmvm0000gn/T/npm-985-d094de09/git-cache-68b84ab9/f16a6e3d4407972b31a11e5552ec0e423dd8714e'...
48 verbose cloneResolved done.
49 info git [ 'checkout', 'f16a6e3d4407972b31a11e5552ec0e423dd8714e' ]
50 verbose checkoutTreeish polymerelements/iron-elements checkout Note: checking out 'f16a6e3d4407972b31a11e5552ec0e423dd8714e'.
50 verbose checkoutTreeish
50 verbose checkoutTreeish You are in 'detached HEAD' state. You can look around, make experimental
50 verbose checkoutTreeish changes and commit them, and you can discard any commits you make in this
50 verbose checkoutTreeish state without impacting any branches by performing another checkout.
50 verbose checkoutTreeish
50 verbose checkoutTreeish If you want to create a new branch to retain commits you create, you may
50 verbose checkoutTreeish do so (now or later) by using -b with the checkout command again. Example:
50 verbose checkoutTreeish
50 verbose checkoutTreeish   git checkout -b <new-branch-name>
50 verbose checkoutTreeish
50 verbose checkoutTreeish HEAD is now at f16a6e3... [skip ci] Update contribution guide
51 info git [ 'submodule', '-q', 'update', '--init', '--recursive' ]
52 verbose updateSubmodules polymerelements/iron-elements submodule update
53 error addLocal Could not install /var/folders/j3/v5_lp2mj72q1qkzqws5wpmvm0000gn/T/npm-985-d094de09/git-cache-68b84ab9/f16a6e3d4407972b31a11e5552ec0e423dd8714e
54 silly trySSH attempting to clone git@github.com:polymerelements/iron-elements.git
55 silly tryClone cloning polymerelements/iron-elements via git@github.com:polymerelements/iron-elements.git
56 verbose tryClone git-github-com-polymerelements-iron-elements-git-31bd2f4f not in flight; caching
57 verbose correctMkdir /Users/temoto/.npm/_git-remotes correctMkdir not in flight; initializing
58 info git [ 'clone',
58 info git   '--template=/Users/temoto/.npm/_git-remotes/_templates',
58 info git   '--mirror',
58 info git   'git@github.com:polymerelements/iron-elements.git',
58 info git   '/Users/temoto/.npm/_git-remotes/git-github-com-polymerelements-iron-elements-git-31bd2f4f' ]
59 error git clone --template=/Users/temoto/.npm/_git-remotes/_templates --mirror git@github.com:polymerelements/iron-elements.git /Users/temoto/.npm/_git-remotes/git-github-com-polymerelements-iron-elements-git-31bd2f4f: Cloning into bare repository '/Users/temoto/.npm/_git-remotes/git-github-com-polymerelements-iron-elements-git-31bd2f4f'...
59 error git clone --template=/Users/temoto/.npm/_git-remotes/_templates --mirror git@github.com:polymerelements/iron-elements.git /Users/temoto/.npm/_git-remotes/git-github-com-polymerelements-iron-elements-git-31bd2f4f: Host key verification failed.
59 error git clone --template=/Users/temoto/.npm/_git-remotes/_templates --mirror git@github.com:polymerelements/iron-elements.git /Users/temoto/.npm/_git-remotes/git-github-com-polymerelements-iron-elements-git-31bd2f4f: fatal: Could not read from remote repository.
59 error git clone --template=/Users/temoto/.npm/_git-remotes/_templates --mirror git@github.com:polymerelements/iron-elements.git /Users/temoto/.npm/_git-remotes/git-github-com-polymerelements-iron-elements-git-31bd2f4f:
59 error git clone --template=/Users/temoto/.npm/_git-remotes/_templates --mirror git@github.com:polymerelements/iron-elements.git /Users/temoto/.npm/_git-remotes/git-github-com-polymerelements-iron-elements-git-31bd2f4f: Please make sure you have the correct access rights
59 error git clone --template=/Users/temoto/.npm/_git-remotes/_templates --mirror git@github.com:polymerelements/iron-elements.git /Users/temoto/.npm/_git-remotes/git-github-com-polymerelements-iron-elements-git-31bd2f4f: and the repository exists.
60 silly fetchPackageMetaData Error: Command failed: git clone --template=/Users/temoto/.npm/_git-remotes/_templates --mirror git@github.com:polymerelements/iron-elements.git /Users/temoto/.npm/_git-remotes/git-github-com-polymerelements-iron-elements-git-31bd2f4f
60 silly fetchPackageMetaData Cloning into bare repository '/Users/temoto/.npm/_git-remotes/git-github-com-polymerelements-iron-elements-git-31bd2f4f'...
60 silly fetchPackageMetaData Host key verification failed.
60 silly fetchPackageMetaData fatal: Could not read from remote repository.
60 silly fetchPackageMetaData
60 silly fetchPackageMetaData Please make sure you have the correct access rights
60 silly fetchPackageMetaData and the repository exists.
60 silly fetchPackageMetaData
60 silly fetchPackageMetaData     at ChildProcess.exithandler (child_process.js:207:12)
60 silly fetchPackageMetaData     at emitTwo (events.js:106:13)
60 silly fetchPackageMetaData     at ChildProcess.emit (events.js:191:7)
60 silly fetchPackageMetaData     at maybeClose (internal/child_process.js:852:16)
60 silly fetchPackageMetaData     at Socket.<anonymous> (internal/child_process.js:323:11)
60 silly fetchPackageMetaData     at emitOne (events.js:96:13)
60 silly fetchPackageMetaData     at Socket.emit (events.js:188:7)
60 silly fetchPackageMetaData     at Pipe._handle.close [as _onclose] (net.js:492:12)
60 silly fetchPackageMetaData  error for polymerelements/iron-elements { Error: Command failed: git clone --template=/Users/temoto/.npm/_git-remotes/_templates --mirror git@github.com:polymerelements/iron-elements.git /Users/temoto/.npm/_git-remotes/git-github-com-polymerelements-iron-elements-git-31bd2f4f
60 silly fetchPackageMetaData Cloning into bare repository '/Users/temoto/.npm/_git-remotes/git-github-com-polymerelements-iron-elements-git-31bd2f4f'...
60 silly fetchPackageMetaData Host key verification failed.
60 silly fetchPackageMetaData fatal: Could not read from remote repository.
60 silly fetchPackageMetaData
60 silly fetchPackageMetaData Please make sure you have the correct access rights
60 silly fetchPackageMetaData and the repository exists.
60 silly fetchPackageMetaData
60 silly fetchPackageMetaData     at ChildProcess.exithandler (child_process.js:207:12)
60 silly fetchPackageMetaData     at emitTwo (events.js:106:13)
60 silly fetchPackageMetaData     at ChildProcess.emit (events.js:191:7)
60 silly fetchPackageMetaData     at maybeClose (internal/child_process.js:852:16)
60 silly fetchPackageMetaData     at Socket.<anonymous> (internal/child_process.js:323:11)
60 silly fetchPackageMetaData     at emitOne (events.js:96:13)
60 silly fetchPackageMetaData     at Socket.emit (events.js:188:7)
60 silly fetchPackageMetaData     at Pipe._handle.close [as _onclose] (net.js:492:12)
60 silly fetchPackageMetaData   killed: false,
60 silly fetchPackageMetaData   code: 128,
60 silly fetchPackageMetaData   signal: null,
60 silly fetchPackageMetaData   cmd: 'git clone --template=/Users/temoto/.npm/_git-remotes/_templates --mirror git@github.com:polymerelements/iron-elements.git /Users/temoto/.npm/_git-remotes/git-github-com-polymerelements-iron-elements-git-31bd2f4f' }
61 silly rollbackFailedOptional Starting
62 silly rollbackFailedOptional Finishing
63 silly runTopLevelLifecycles Starting
64 silly runTopLevelLifecycles Finishing
65 silly install printInstalled
66 verbose stack Error: Command failed: git clone --template=/Users/temoto/.npm/_git-remotes/_templates --mirror git@github.com:polymerelements/iron-elements.git /Users/temoto/.npm/_git-remotes/git-github-com-polymerelements-iron-elements-git-31bd2f4f
66 verbose stack Cloning into bare repository '/Users/temoto/.npm/_git-remotes/git-github-com-polymerelements-iron-elements-git-31bd2f4f'...
66 verbose stack Host key verification failed.
66 verbose stack fatal: Could not read from remote repository.
66 verbose stack
66 verbose stack Please make sure you have the correct access rights
66 verbose stack and the repository exists.
66 verbose stack
66 verbose stack     at ChildProcess.exithandler (child_process.js:207:12)
66 verbose stack     at emitTwo (events.js:106:13)
66 verbose stack     at ChildProcess.emit (events.js:191:7)
66 verbose stack     at maybeClose (internal/child_process.js:852:16)
66 verbose stack     at Socket.<anonymous> (internal/child_process.js:323:11)
66 verbose stack     at emitOne (events.js:96:13)
66 verbose stack     at Socket.emit (events.js:188:7)
66 verbose stack     at Pipe._handle.close [as _onclose] (net.js:492:12)
67 verbose cwd /Users/temoto/Git/polymer-portfolio
68 error Darwin 15.3.0
69 error argv "/usr/local/bin/node" "/usr/local/bin/npm" "install" "polymerelements/iron-elements"
70 error node v6.2.1
71 error npm  v3.9.5
72 error code 128
73 error Command failed: git clone --template=/Users/temoto/.npm/_git-remotes/_templates --mirror git@github.com:polymerelements/iron-elements.git /Users/temoto/.npm/_git-remotes/git-github-com-polymerelements-iron-elements-git-31bd2f4f
73 error Cloning into bare repository '/Users/temoto/.npm/_git-remotes/git-github-com-polymerelements-iron-elements-git-31bd2f4f'...
73 error Host key verification failed.
73 error fatal: Could not read from remote repository.
73 error
73 error Please make sure you have the correct access rights
73 error and the repository exists.
74 error If you need help, you may report this error at:
74 error     <https://github.com/npm/npm/issues>
75 verbose exit [ 1, true ]
